name: lint
run_id: commands[0]
env HOME: /home/kompot
env LANG: en_US.UTF-8
env LANGUAGE: 
env TERM: xterm-256color
env PATH: /home/kompot/bhousing-package/.tox/test_package/bin:/home/kompot/bhousing-package/venv/bin:/home/kompot/anaconda3/condabin:/home/kompot/.local/bin:/usr/local/sbin:/usr/local/bin:/usr/bin:/home/kompot/.dotnet/tools:/usr/lib/jvm/default/bin:/usr/bin/site_perl:/usr/bin/vendor_perl:/usr/bin/core_perl
env PYTHONHASHSEED: 3948208752
env PIP_DISABLE_PIP_VERSION_CHECK: 1
env PYTHONIOENCODING: utf-8
env TOX_ENV_NAME: lint
env TOX_WORK_DIR: /home/kompot/bhousing-package/.tox
env TOX_ENV_DIR: /home/kompot/bhousing-package/.tox/test_package
env VIRTUAL_ENV: /home/kompot/bhousing-package/.tox/test_package
env COLUMNS: 106
env LINES: 30
metadata pid: 89188
cwd: /home/kompot/bhousing-package
allow: /home/kompot/bhousing-package/.tox/test_package/bin/*
cmd: isort bhousing_model tests
exit_code: 0
