name: train
run_id: install_deps
env HOME: /home/kompot
env LANG: en_US.UTF-8
env LANGUAGE: 
env TERM: xterm-256color
env PATH: /home/kompot/bhousing-package/.tox/test_package/bin:/home/kompot/bhousing-package/venv/bin:/home/kompot/anaconda3/condabin:/home/kompot/.local/bin:/usr/local/sbin:/usr/local/bin:/usr/bin:/home/kompot/.dotnet/tools:/usr/lib/jvm/default/bin:/usr/bin/site_perl:/usr/bin/vendor_perl:/usr/bin/core_perl
env PYTHONHASHSEED: 123444093
env PIP_DISABLE_PIP_VERSION_CHECK: 1
env PYTHONIOENCODING: utf-8
env PYTHONPATH: .
env TOX_ENV_NAME: train
env TOX_WORK_DIR: /home/kompot/bhousing-package/.tox
env TOX_ENV_DIR: /home/kompot/bhousing-package/.tox/test_package
env VIRTUAL_ENV: /home/kompot/bhousing-package/.tox/test_package
env COLUMNS: 106
env LINES: 30
metadata pid: 88132
cwd: /home/kompot/bhousing-package
allow: /home/kompot/bhousing-package/.tox/test_package/bin/*
cmd: pip install -r requirements/test_requirements.txt
exit_code: 0
Collecting feature-engine==1.6.0 (from -r requirements/requirements.txt (line 1))
  Using cached feature_engine-1.6.0-py2.py3-none-any.whl (319 kB)
Collecting joblib==1.2.0 (from -r requirements/requirements.txt (line 2))
  Using cached joblib-1.2.0-py3-none-any.whl (297 kB)
Collecting numpy==1.24.3 (from -r requirements/requirements.txt (line 6))
  Using cached numpy-1.24.3-cp310-cp310-manylinux_2_17_x86_64.manylinux2014_x86_64.whl (17.3 MB)
Collecting pandas==2.0.1 (from -r requirements/requirements.txt (line 7))
  Using cached pandas-2.0.1-cp310-cp310-manylinux_2_17_x86_64.manylinux2014_x86_64.whl (12.3 MB)
Collecting pydantic==1.10.7 (from -r requirements/requirements.txt (line 8))
  Using cached pydantic-1.10.7-cp310-cp310-manylinux_2_17_x86_64.manylinux2014_x86_64.whl (3.1 MB)
Collecting ruamel.yaml==0.17.26 (from -r requirements/requirements.txt (line 9))
  Using cached ruamel.yaml-0.17.26-py3-none-any.whl (109 kB)
Collecting scikit-learn==1.2.2 (from -r requirements/requirements.txt (line 10))
  Using cached scikit_learn-1.2.2-cp310-cp310-manylinux_2_17_x86_64.manylinux2014_x86_64.whl (9.6 MB)
Collecting strictyaml==1.7.3 (from -r requirements/requirements.txt (line 11))
  Using cached strictyaml-1.7.3-py3-none-any.whl (123 kB)
Collecting black==23.3.0 (from -r requirements/test_requirements.txt (line 4))
  Using cached black-23.3.0-cp310-cp310-manylinux_2_17_x86_64.manylinux2014_x86_64.whl (1.7 MB)
Collecting flake8==6.0.0 (from -r requirements/test_requirements.txt (line 5))
  Using cached flake8-6.0.0-py2.py3-none-any.whl (57 kB)
Collecting isort==5.12.0 (from -r requirements/test_requirements.txt (line 6))
  Using cached isort-5.12.0-py3-none-any.whl (91 kB)
Collecting mypy==1.3.0 (from -r requirements/test_requirements.txt (line 7))
  Using cached mypy-1.3.0-cp310-cp310-manylinux_2_17_x86_64.manylinux2014_x86_64.whl (12.2 MB)
Collecting pytest==7.3.1 (from -r requirements/test_requirements.txt (line 11))
  Using cached pytest-7.3.1-py3-none-any.whl (320 kB)
Collecting scipy>=1.4.1 (from feature-engine==1.6.0->-r requirements/requirements.txt (line 1))
  Using cached scipy-1.10.1-cp310-cp310-manylinux_2_17_x86_64.manylinux2014_x86_64.whl (34.4 MB)
Collecting statsmodels>=0.11.1 (from feature-engine==1.6.0->-r requirements/requirements.txt (line 1))
  Using cached statsmodels-0.14.0-cp310-cp310-manylinux_2_17_x86_64.manylinux2014_x86_64.whl (10.1 MB)
Collecting python-dateutil>=2.8.2 (from pandas==2.0.1->-r requirements/requirements.txt (line 7))
  Using cached python_dateutil-2.8.2-py2.py3-none-any.whl (247 kB)
Collecting pytz>=2020.1 (from pandas==2.0.1->-r requirements/requirements.txt (line 7))
  Using cached pytz-2023.3-py2.py3-none-any.whl (502 kB)
Collecting tzdata>=2022.1 (from pandas==2.0.1->-r requirements/requirements.txt (line 7))
  Using cached tzdata-2023.3-py2.py3-none-any.whl (341 kB)
Collecting typing-extensions>=4.2.0 (from pydantic==1.10.7->-r requirements/requirements.txt (line 8))
  Using cached typing_extensions-4.6.1-py3-none-any.whl (31 kB)
Collecting ruamel.yaml.clib>=0.2.7 (from ruamel.yaml==0.17.26->-r requirements/requirements.txt (line 9))
  Using cached ruamel.yaml.clib-0.2.7-cp310-cp310-manylinux_2_17_x86_64.manylinux2014_x86_64.manylinux_2_24_x86_64.whl (485 kB)
Collecting threadpoolctl>=2.0.0 (from scikit-learn==1.2.2->-r requirements/requirements.txt (line 10))
  Using cached threadpoolctl-3.1.0-py3-none-any.whl (14 kB)
Collecting click>=8.0.0 (from black==23.3.0->-r requirements/test_requirements.txt (line 4))
  Using cached click-8.1.3-py3-none-any.whl (96 kB)
Collecting mypy-extensions>=0.4.3 (from black==23.3.0->-r requirements/test_requirements.txt (line 4))
  Using cached mypy_extensions-1.0.0-py3-none-any.whl (4.7 kB)
Collecting packaging>=22.0 (from black==23.3.0->-r requirements/test_requirements.txt (line 4))
  Using cached packaging-23.1-py3-none-any.whl (48 kB)
Collecting pathspec>=0.9.0 (from black==23.3.0->-r requirements/test_requirements.txt (line 4))
  Using cached pathspec-0.11.1-py3-none-any.whl (29 kB)
Collecting platformdirs>=2 (from black==23.3.0->-r requirements/test_requirements.txt (line 4))
  Using cached platformdirs-3.5.1-py3-none-any.whl (15 kB)
Collecting tomli>=1.1.0 (from black==23.3.0->-r requirements/test_requirements.txt (line 4))
  Using cached tomli-2.0.1-py3-none-any.whl (12 kB)
Collecting mccabe<0.8.0,>=0.7.0 (from flake8==6.0.0->-r requirements/test_requirements.txt (line 5))
  Using cached mccabe-0.7.0-py2.py3-none-any.whl (7.3 kB)
Collecting pycodestyle<2.11.0,>=2.10.0 (from flake8==6.0.0->-r requirements/test_requirements.txt (line 5))
  Using cached pycodestyle-2.10.0-py2.py3-none-any.whl (41 kB)
Collecting pyflakes<3.1.0,>=3.0.0 (from flake8==6.0.0->-r requirements/test_requirements.txt (line 5))
  Using cached pyflakes-3.0.1-py2.py3-none-any.whl (62 kB)
Collecting iniconfig (from pytest==7.3.1->-r requirements/test_requirements.txt (line 11))
  Using cached iniconfig-2.0.0-py3-none-any.whl (5.9 kB)
Collecting pluggy<2.0,>=0.12 (from pytest==7.3.1->-r requirements/test_requirements.txt (line 11))
  Using cached pluggy-1.0.0-py2.py3-none-any.whl (13 kB)
Collecting exceptiongroup>=1.0.0rc8 (from pytest==7.3.1->-r requirements/test_requirements.txt (line 11))
  Using cached exceptiongroup-1.1.1-py3-none-any.whl (14 kB)
Collecting six>=1.5 (from python-dateutil>=2.8.2->pandas==2.0.1->-r requirements/requirements.txt (line 7))
  Using cached six-1.16.0-py2.py3-none-any.whl (11 kB)
Collecting patsy>=0.5.2 (from statsmodels>=0.11.1->feature-engine==1.6.0->-r requirements/requirements.txt (line 1))
  Using cached patsy-0.5.3-py2.py3-none-any.whl (233 kB)
Installing collected packages: pytz, tzdata, typing-extensions, tomli, threadpoolctl, six, ruamel.yaml.clib, pyflakes, pycodestyle, pluggy, platformdirs, pathspec, packaging, numpy, mypy-extensions, mccabe, joblib, isort, iniconfig, exceptiongroup, click, scipy, ruamel.yaml, python-dateutil, pytest, pydantic, patsy, mypy, flake8, black, strictyaml, scikit-learn, pandas, statsmodels, feature-engine
Successfully installed black-23.3.0 click-8.1.3 exceptiongroup-1.1.1 feature-engine-1.6.0 flake8-6.0.0 iniconfig-2.0.0 isort-5.12.0 joblib-1.2.0 mccabe-0.7.0 mypy-1.3.0 mypy-extensions-1.0.0 numpy-1.24.3 packaging-23.1 pandas-2.0.1 pathspec-0.11.1 patsy-0.5.3 platformdirs-3.5.1 pluggy-1.0.0 pycodestyle-2.10.0 pydantic-1.10.7 pyflakes-3.0.1 pytest-7.3.1 python-dateutil-2.8.2 pytz-2023.3 ruamel.yaml-0.17.26 ruamel.yaml.clib-0.2.7 scikit-learn-1.2.2 scipy-1.10.1 six-1.16.0 statsmodels-0.14.0 strictyaml-1.7.3 threadpoolctl-3.1.0 tomli-2.0.1 typing-extensions-4.6.1 tzdata-2023.3
